<?xml version="1.0" encoding="UTF-8"?>
<testsuite xmlns:xsi="http://www.w3.org/2001/XMLSchema-instance" xsi:noNamespaceSchemaLocation="https://maven.apache.org/surefire/maven-surefire-plugin/xsd/surefire-test-report-3.0.xsd" version="3.0" name="ulpgc.bigd.indexing_service.ServiceTests" time="0.115" tests="2" errors="0" skipped="0" failures="0">
  <properties>
    <property name="java.specification.version" value="17"/>
    <property name="sun.cpu.isalist" value="amd64"/>
    <property name="sun.jnu.encoding" value="Cp1252"/>
    <property name="java.class.path" value="D:\UNIVERSIDAD\cuarto\BD\ejercicios conjuntos\stage_2_BD-main\stage_2_BD-main\indexing-service\target\test-classes;D:\UNIVERSIDAD\cuarto\BD\ejercicios conjuntos\stage_2_BD-main\stage_2_BD-main\indexing-service\target\classes;C:\Users\educb\.m2\repository\io\javalin\javalin\6.1.3\javalin-6.1.3.jar;C:\Users\educb\.m2\repository\org\slf4j\slf4j-api\2.0.12\slf4j-api-2.0.12.jar;C:\Users\educb\.m2\repository\org\eclipse\jetty\jetty-server\11.0.20\jetty-server-11.0.20.jar;C:\Users\educb\.m2\repository\org\eclipse\jetty\jetty-http\11.0.20\jetty-http-11.0.20.jar;C:\Users\educb\.m2\repository\org\eclipse\jetty\jetty-util\11.0.20\jetty-util-11.0.20.jar;C:\Users\educb\.m2\repository\org\eclipse\jetty\jetty-io\11.0.20\jetty-io-11.0.20.jar;C:\Users\educb\.m2\repository\org\eclipse\jetty\toolchain\jetty-jakarta-servlet-api\5.0.2\jetty-jakarta-servlet-api-5.0.2.jar;C:\Users\educb\.m2\repository\org\eclipse\jetty\websocket\websocket-jetty-server\11.0.20\websocket-jetty-server-11.0.20.jar;C:\Users\educb\.m2\repository\org\eclipse\jetty\jetty-servlet\11.0.20\jetty-servlet-11.0.20.jar;C:\Users\educb\.m2\repository\org\eclipse\jetty\jetty-security\11.0.20\jetty-security-11.0.20.jar;C:\Users\educb\.m2\repository\org\eclipse\jetty\jetty-webapp\11.0.20\jetty-webapp-11.0.20.jar;C:\Users\educb\.m2\repository\org\eclipse\jetty\jetty-xml\11.0.20\jetty-xml-11.0.20.jar;C:\Users\educb\.m2\repository\org\eclipse\jetty\websocket\websocket-jetty-api\11.0.20\websocket-jetty-api-11.0.20.jar;C:\Users\educb\.m2\repository\org\eclipse\jetty\websocket\websocket-jetty-common\11.0.20\websocket-jetty-common-11.0.20.jar;C:\Users\educb\.m2\repository\org\eclipse\jetty\websocket\websocket-core-common\11.0.20\websocket-core-common-11.0.20.jar;C:\Users\educb\.m2\repository\org\eclipse\jetty\websocket\websocket-servlet\11.0.20\websocket-servlet-11.0.20.jar;C:\Users\educb\.m2\repository\org\eclipse\jetty\websocket\websocket-core-server\11.0.20\websocket-core-server-11.0.20.jar;C:\Users\educb\.m2\repository\org\jetbrains\kotlin\kotlin-stdlib-jdk8\1.9.22\kotlin-stdlib-jdk8-1.9.22.jar;C:\Users\educb\.m2\repository\org\jetbrains\kotlin\kotlin-stdlib\1.9.22\kotlin-stdlib-1.9.22.jar;C:\Users\educb\.m2\repository\org\jetbrains\annotations\13.0\annotations-13.0.jar;C:\Users\educb\.m2\repository\org\jetbrains\kotlin\kotlin-stdlib-jdk7\1.9.22\kotlin-stdlib-jdk7-1.9.22.jar;C:\Users\educb\.m2\repository\org\junit\jupiter\junit-jupiter\5.10.2\junit-jupiter-5.10.2.jar;C:\Users\educb\.m2\repository\org\junit\jupiter\junit-jupiter-api\5.10.2\junit-jupiter-api-5.10.2.jar;C:\Users\educb\.m2\repository\org\opentest4j\opentest4j\1.3.0\opentest4j-1.3.0.jar;C:\Users\educb\.m2\repository\org\junit\platform\junit-platform-commons\1.10.2\junit-platform-commons-1.10.2.jar;C:\Users\educb\.m2\repository\org\apiguardian\apiguardian-api\1.1.2\apiguardian-api-1.1.2.jar;C:\Users\educb\.m2\repository\org\junit\jupiter\junit-jupiter-params\5.10.2\junit-jupiter-params-5.10.2.jar;C:\Users\educb\.m2\repository\org\junit\jupiter\junit-jupiter-engine\5.10.2\junit-jupiter-engine-5.10.2.jar;C:\Users\educb\.m2\repository\org\junit\platform\junit-platform-engine\1.10.2\junit-platform-engine-1.10.2.jar;C:\Users\educb\.m2\repository\org\openjdk\jmh\jmh-core\1.37\jmh-core-1.37.jar;C:\Users\educb\.m2\repository\net\sf\jopt-simple\jopt-simple\5.0.4\jopt-simple-5.0.4.jar;C:\Users\educb\.m2\repository\org\apache\commons\commons-math3\3.6.1\commons-math3-3.6.1.jar;C:\Users\educb\.m2\repository\org\openjdk\jmh\jmh-generator-annprocess\1.37\jmh-generator-annprocess-1.37.jar;C:\Users\educb\.m2\repository\com\google\code\gson\gson\2.11.0\gson-2.11.0.jar;C:\Users\educb\.m2\repository\com\google\errorprone\error_prone_annotations\2.27.0\error_prone_annotations-2.27.0.jar;C:\Users\educb\.m2\repository\org\slf4j\slf4j-simple\2.0.9\slf4j-simple-2.0.9.jar;"/>
    <property name="java.vm.vendor" value="Eclipse Adoptium"/>
    <property name="sun.arch.data.model" value="64"/>
    <property name="user.variant" value=""/>
    <property name="java.vendor.url" value="https://adoptium.net/"/>
    <property name="user.timezone" value="Europe/Warsaw"/>
    <property name="os.name" value="Windows 10"/>
    <property name="java.vm.specification.version" value="17"/>
    <property name="sun.java.launcher" value="SUN_STANDARD"/>
    <property name="user.country" value="ES"/>
    <property name="sun.boot.library.path" value="C:\Users\educb\AppData\Local\Programs\Eclipse Adoptium\jdk-17.0.16.8-hotspot\bin"/>
    <property name="sun.java.command" value="C:\Users\educb\AppData\Local\Temp\surefire8407629521619147036\surefirebooter-20251027141938228_3.jar C:\Users\educb\AppData\Local\Temp\surefire8407629521619147036 2025-10-27T14-19-37_995-jvmRun1 surefire-20251027141938228_1tmp surefire_0-20251027141938228_2tmp"/>
    <property name="jdk.debug" value="release"/>
    <property name="surefire.test.class.path" value="D:\UNIVERSIDAD\cuarto\BD\ejercicios conjuntos\stage_2_BD-main\stage_2_BD-main\indexing-service\target\test-classes;D:\UNIVERSIDAD\cuarto\BD\ejercicios conjuntos\stage_2_BD-main\stage_2_BD-main\indexing-service\target\classes;C:\Users\educb\.m2\repository\io\javalin\javalin\6.1.3\javalin-6.1.3.jar;C:\Users\educb\.m2\repository\org\slf4j\slf4j-api\2.0.12\slf4j-api-2.0.12.jar;C:\Users\educb\.m2\repository\org\eclipse\jetty\jetty-server\11.0.20\jetty-server-11.0.20.jar;C:\Users\educb\.m2\repository\org\eclipse\jetty\jetty-http\11.0.20\jetty-http-11.0.20.jar;C:\Users\educb\.m2\repository\org\eclipse\jetty\jetty-util\11.0.20\jetty-util-11.0.20.jar;C:\Users\educb\.m2\repository\org\eclipse\jetty\jetty-io\11.0.20\jetty-io-11.0.20.jar;C:\Users\educb\.m2\repository\org\eclipse\jetty\toolchain\jetty-jakarta-servlet-api\5.0.2\jetty-jakarta-servlet-api-5.0.2.jar;C:\Users\educb\.m2\repository\org\eclipse\jetty\websocket\websocket-jetty-server\11.0.20\websocket-jetty-server-11.0.20.jar;C:\Users\educb\.m2\repository\org\eclipse\jetty\jetty-servlet\11.0.20\jetty-servlet-11.0.20.jar;C:\Users\educb\.m2\repository\org\eclipse\jetty\jetty-security\11.0.20\jetty-security-11.0.20.jar;C:\Users\educb\.m2\repository\org\eclipse\jetty\jetty-webapp\11.0.20\jetty-webapp-11.0.20.jar;C:\Users\educb\.m2\repository\org\eclipse\jetty\jetty-xml\11.0.20\jetty-xml-11.0.20.jar;C:\Users\educb\.m2\repository\org\eclipse\jetty\websocket\websocket-jetty-api\11.0.20\websocket-jetty-api-11.0.20.jar;C:\Users\educb\.m2\repository\org\eclipse\jetty\websocket\websocket-jetty-common\11.0.20\websocket-jetty-common-11.0.20.jar;C:\Users\educb\.m2\repository\org\eclipse\jetty\websocket\websocket-core-common\11.0.20\websocket-core-common-11.0.20.jar;C:\Users\educb\.m2\repository\org\eclipse\jetty\websocket\websocket-servlet\11.0.20\websocket-servlet-11.0.20.jar;C:\Users\educb\.m2\repository\org\eclipse\jetty\websocket\websocket-core-server\11.0.20\websocket-core-server-11.0.20.jar;C:\Users\educb\.m2\repository\org\jetbrains\kotlin\kotlin-stdlib-jdk8\1.9.22\kotlin-stdlib-jdk8-1.9.22.jar;C:\Users\educb\.m2\repository\org\jetbrains\kotlin\kotlin-stdlib\1.9.22\kotlin-stdlib-1.9.22.jar;C:\Users\educb\.m2\repository\org\jetbrains\annotations\13.0\annotations-13.0.jar;C:\Users\educb\.m2\repository\org\jetbrains\kotlin\kotlin-stdlib-jdk7\1.9.22\kotlin-stdlib-jdk7-1.9.22.jar;C:\Users\educb\.m2\repository\org\junit\jupiter\junit-jupiter\5.10.2\junit-jupiter-5.10.2.jar;C:\Users\educb\.m2\repository\org\junit\jupiter\junit-jupiter-api\5.10.2\junit-jupiter-api-5.10.2.jar;C:\Users\educb\.m2\repository\org\opentest4j\opentest4j\1.3.0\opentest4j-1.3.0.jar;C:\Users\educb\.m2\repository\org\junit\platform\junit-platform-commons\1.10.2\junit-platform-commons-1.10.2.jar;C:\Users\educb\.m2\repository\org\apiguardian\apiguardian-api\1.1.2\apiguardian-api-1.1.2.jar;C:\Users\educb\.m2\repository\org\junit\jupiter\junit-jupiter-params\5.10.2\junit-jupiter-params-5.10.2.jar;C:\Users\educb\.m2\repository\org\junit\jupiter\junit-jupiter-engine\5.10.2\junit-jupiter-engine-5.10.2.jar;C:\Users\educb\.m2\repository\org\junit\platform\junit-platform-engine\1.10.2\junit-platform-engine-1.10.2.jar;C:\Users\educb\.m2\repository\org\openjdk\jmh\jmh-core\1.37\jmh-core-1.37.jar;C:\Users\educb\.m2\repository\net\sf\jopt-simple\jopt-simple\5.0.4\jopt-simple-5.0.4.jar;C:\Users\educb\.m2\repository\org\apache\commons\commons-math3\3.6.1\commons-math3-3.6.1.jar;C:\Users\educb\.m2\repository\org\openjdk\jmh\jmh-generator-annprocess\1.37\jmh-generator-annprocess-1.37.jar;C:\Users\educb\.m2\repository\com\google\code\gson\gson\2.11.0\gson-2.11.0.jar;C:\Users\educb\.m2\repository\com\google\errorprone\error_prone_annotations\2.27.0\error_prone_annotations-2.27.0.jar;C:\Users\educb\.m2\repository\org\slf4j\slf4j-simple\2.0.9\slf4j-simple-2.0.9.jar;"/>
    <property name="sun.cpu.endian" value="little"/>
    <property name="user.home" value="C:\Users\educb"/>
    <property name="user.language" value="es"/>
    <property name="java.specification.vendor" value="Oracle Corporation"/>
    <property name="java.version.date" value="2025-07-15"/>
    <property name="java.home" value="C:\Users\educb\AppData\Local\Programs\Eclipse Adoptium\jdk-17.0.16.8-hotspot"/>
    <property name="file.separator" value="\"/>
    <property name="basedir" value="D:\UNIVERSIDAD\cuarto\BD\ejercicios conjuntos\stage_2_BD-main\stage_2_BD-main\indexing-service"/>
    <property name="java.vm.compressedOopsMode" value="32-bit"/>
    <property name="line.separator" value="&#10;"/>
    <property name="java.vm.specification.vendor" value="Oracle Corporation"/>
    <property name="java.specification.name" value="Java Platform API Specification"/>
    <property name="surefire.real.class.path" value="C:\Users\educb\AppData\Local\Temp\surefire8407629521619147036\surefirebooter-20251027141938228_3.jar"/>
    <property name="user.script" value=""/>
    <property name="sun.management.compiler" value="HotSpot 64-Bit Tiered Compilers"/>
    <property name="java.runtime.version" value="17.0.16+8"/>
    <property name="user.name" value="educb"/>
    <property name="path.separator" value=";"/>
    <property name="os.version" value="10.0"/>
    <property name="java.runtime.name" value="OpenJDK Runtime Environment"/>
    <property name="file.encoding" value="Cp1252"/>
    <property name="java.vm.name" value="OpenJDK 64-Bit Server VM"/>
    <property name="java.vendor.version" value="Temurin-17.0.16+8"/>
    <property name="localRepository" value="C:\Users\educb\.m2\repository"/>
    <property name="java.vendor.url.bug" value="https://github.com/adoptium/adoptium-support/issues"/>
    <property name="java.io.tmpdir" value="C:\Users\educb\AppData\Local\Temp\"/>
    <property name="java.version" value="17.0.16"/>
    <property name="user.dir" value="D:\UNIVERSIDAD\cuarto\BD\ejercicios conjuntos\stage_2_BD-main\stage_2_BD-main\indexing-service"/>
    <property name="os.arch" value="amd64"/>
    <property name="java.vm.specification.name" value="Java Virtual Machine Specification"/>
    <property name="sun.os.patch.level" value=""/>
    <property name="native.encoding" value="Cp1252"/>
    <property name="java.library.path" value="C:\Users\educb\AppData\Local\Programs\Eclipse Adoptium\jdk-17.0.16.8-hotspot\bin;C:\WINDOWS\Sun\Java\bin;C:\WINDOWS\system32;C:\WINDOWS;C:\Program Files (x86)\Intel\iCLS Client\;C:\Program Files\Intel\iCLS Client\;C:\windows\system32;C:\windows;C:\windows\System32\Wbem;C:\windows\System32\WindowsPowerShell\v1.0\;C:\Program Files (x86)\Intel\Intel(R) Management Engine Components\DAL;C:\Program Files\Intel\Intel(R) Management Engine Components\DAL;C:\Program Files (x86)\Intel\Intel(R) Management Engine Components\IPT;C:\Program Files\Intel\Intel(R) Management Engine Components\IPT;C:\Program Files (x86)\NVIDIA Corporation\PhysX\Common;C:\Program Files\Intel\WiFi\bin\;C:\Program Files\Common Files\Intel\WirelessCommon\;C:\WINDOWS\system32;C:\WINDOWS;C:\WINDOWS\System32\Wbem;C:\WINDOWS\System32\WindowsPowerShell\v1.0\;C:\WINDOWS\System32\OpenSSH\;D:\Matlab\bin;D:\autofirma\AutoFirma;C:\Program Files\Git\cmd;C:\Users\educb\AppData\Local\Programs\Eclipse Adoptium\jdk-17.0.16.8-hotspot\bin;C:\Users\educb\AppData\Local\Programs\Python\Launcher\;C:\Users\educb\AppData\Local\Microsoft\WindowsApps;C:\Users\educb\AppData\Local\Programs\MiKTeX\miktex\bin\x64\;C:\Users\educb\AppData\Local\Programs\Microsoft VS Code\bin;C:\msys64\ucrt64\bin;D:\UNIVERSIDAD\cuarto\BD\apache-maven-3.9.11-bin\apache-maven-3.9.11\bin;;."/>
    <property name="java.vm.info" value="mixed mode, sharing"/>
    <property name="java.vendor" value="Eclipse Adoptium"/>
    <property name="java.vm.version" value="17.0.16+8"/>
    <property name="java.specification.maintenance.version" value="1"/>
    <property name="sun.io.unicode.encoding" value="UnicodeLittle"/>
    <property name="java.class.version" value="61.0"/>
  </properties>
  <testcase name="tokenizerShouldSplitWords" classname="ulpgc.bigd.indexing_service.ServiceTests" time="0.032"/>
  <testcase name="metadataExtractorShouldFindAuthor" classname="ulpgc.bigd.indexing_service.ServiceTests" time="0.006"/>
</testsuite>